/home/runner/work/pgi-2025-the_smooth_fjords/pgi-2025-the_smooth_fjords/src/features.c: In function ‘mirror_horizontal’:
/home/runner/work/pgi-2025-the_smooth_fjords/pgi-2025-the_smooth_fjords/src/features.c:383:45: warning: passing argument 2 of ‘get_pixel’ makes pointer from integer without a cast [-Wint-conversion]
  383 |             pixelRGB* src = get_pixel(data, width, height, channels, src_x, y);
      |                                             ^~~~~
      |                                             |
      |                                             int
In file included from /home/runner/work/pgi-2025-the_smooth_fjords/pgi-2025-the_smooth_fjords/src/features.h:3,
                 from /home/runner/work/pgi-2025-the_smooth_fjords/pgi-2025-the_smooth_fjords/src/features.c:5:
/home/runner/work/pgi-2025-the_smooth_fjords/pgi-2025-the_smooth_fjords/src/utils.h:17:62: note: expected ‘const unsigned int *’ but argument is of type ‘int’
   17 | pixelRGB *get_pixel(unsigned char *data, const unsigned int *width, const unsigned int *height, const unsigned int n, const unsigned int x, const unsigned int y);
      |                                          ~~~~~~~~~~~~~~~~~~~~^~~~~
/home/runner/work/pgi-2025-the_smooth_fjords/pgi-2025-the_smooth_fjords/src/features.c:383:52: warning: passing argument 3 of ‘get_pixel’ makes pointer from integer without a cast [-Wint-conversion]
  383 |             pixelRGB* src = get_pixel(data, width, height, channels, src_x, y);
      |                                                    ^~~~~~
      |                                                    |
      |                                                    int
/home/runner/work/pgi-2025-the_smooth_fjords/pgi-2025-the_smooth_fjords/src/utils.h:17:89: note: expected ‘const unsigned int *’ but argument is of type ‘int’
   17 | pixelRGB *get_pixel(unsigned char *data, const unsigned int *width, const unsigned int *height, const unsigned int n, const unsigned int x, const unsigned int y);
      |                                                                     ~~~~~~~~~~~~~~~~~~~~^~~~~~
/home/runner/work/pgi-2025-the_smooth_fjords/pgi-2025-the_smooth_fjords/src/features.c:384:13: warning: implicit declaration of function ‘set_pixel’; did you mean ‘get_pixel’? [-Wimplicit-function-declaration]
  384 |             set_pixel(mirrored, width, channels, x, y, *src);
      |             ^~~~~~~~~
      |             get_pixel
/home/runner/work/pgi-2025-the_smooth_fjords/pgi-2025-the_smooth_fjords/src/features.c: In function ‘mirror_total’:
/home/runner/work/pgi-2025-the_smooth_fjords/pgi-2025-the_smooth_fjords/src/features.c:461:45: warning: passing argument 2 of ‘get_pixel’ makes pointer from integer without a cast [-Wint-conversion]
  461 |             pixelRGB* src = get_pixel(data, width, height, channels, src_x, src_y);
      |                                             ^~~~~
      |                                             |
      |                                             int
/home/runner/work/pgi-2025-the_smooth_fjords/pgi-2025-the_smooth_fjords/src/utils.h:17:62: note: expected ‘const unsigned int *’ but argument is of type ‘int’
   17 | pixelRGB *get_pixel(unsigned char *data, const unsigned int *width, const unsigned int *height, const unsigned int n, const unsigned int x, const unsigned int y);
      |                                          ~~~~~~~~~~~~~~~~~~~~^~~~~
/home/runner/work/pgi-2025-the_smooth_fjords/pgi-2025-the_smooth_fjords/src/features.c:461:52: warning: passing argument 3 of ‘get_pixel’ makes pointer from integer without a cast [-Wint-conversion]
  461 |             pixelRGB* src = get_pixel(data, width, height, channels, src_x, src_y);
      |                                                    ^~~~~~
      |                                                    |
      |                                                    int
/home/runner/work/pgi-2025-the_smooth_fjords/pgi-2025-the_smooth_fjords/src/utils.h:17:89: note: expected ‘const unsigned int *’ but argument is of type ‘int’
   17 | pixelRGB *get_pixel(unsigned char *data, const unsigned int *width, const unsigned int *height, const unsigned int n, const unsigned int x, const unsigned int y);
      |                                                                     ~~~~~~~~~~~~~~~~~~~~^~~~~~
/usr/bin/ld: CMakeFiles/freud.dir/src/features.c.o: in function `mirror_horizontal':
features.c:(.text+0x123a): undefined reference to `set_pixel'
/usr/bin/ld: CMakeFiles/freud.dir/src/features.c.o: in function `mirror_vertical':
features.c:(.text+0x13a0): undefined reference to `set_pixel'
/usr/bin/ld: CMakeFiles/freud.dir/src/features.c.o: in function `mirror_total':
features.c:(.text+0x192e): undefined reference to `set_pixel'
collect2: error: ld returned 1 exit status
gmake[2]: *** [CMakeFiles/freud.dir/build.make:151: freud] Error 1
gmake[1]: *** [CMakeFiles/Makefile2:87: CMakeFiles/freud.dir/all] Error 2
gmake: *** [Makefile:136: all] Error 2

The process '/usr/local/bin/cmake' failed with exit code 2